<?xml version="1.0" encoding="UTF-8"?>
<!-- Generated by org.testng.reporters.JUnitXMLReporter -->
<testsuite hostname="DESKTOP-9715G1F" ignored="0" name="myfirefox" tests="1" failures="1" timestamp="31 Jul 2020 13:18:39 GMT" time="0.11" errors="0">
  <testcase name="getbroser" time="0.021" classname="pac1.Allbrowsers">
    <failure type="java.lang.NullPointerException">
      <![CDATA[java.lang.NullPointerException
at pac1.Allbrowsers.getbroser(Allbrowsers.java:44)
at java.util.concurrent.FutureTask.run(FutureTask.java:266)
at java.util.concurrent.ThreadPoolExecutor.runWorker(ThreadPoolExecutor.java:1142)
at java.util.concurrent.ThreadPoolExecutor$Worker.run(ThreadPoolExecutor.java:617)
at java.lang.Thread.run(Thread.java:745)
... Removed 16 stack frames]]>
    </failure>
  </testcase> <!-- getbroser -->
</testsuite> <!-- myfirefox -->
